<?xml version="1.0" encoding="UTF-8"?>
<testsuite xmlns:xsi="http://www.w3.org/2001/XMLSchema-instance" xsi:noNamespaceSchemaLocation="https://maven.apache.org/surefire/maven-surefire-plugin/xsd/surefire-test-report-3.0.xsd" version="3.0" name="runner.TestRunner" time="148.337" tests="1" errors="0" skipped="0" failures="0">
  <properties>
[...]
</properties>
  <testcase name="runScenario[&quot;Send messages with images to multiple contacts&quot;, &quot;Send Bulk WhatsApp Messages&quot;](1)" classname="runner.TestRunner" time="145.196">
    <system-out><![CDATA[
@WhatsAppTest
Scenario: Send messages with images to multiple contacts # src/test/java/features/SendWhatsAppMessages.feature:4
Failed to copy logo: src\test\resources\logo.png
Launching browser: firefox
  Given User is logged into WhatsApp Web                 # steps.WhatsAppSteps.userLogsIntoWhatsApp()
2025-04-19T12:48:17.988264200Z TestNG-PoolService-1 ERROR Log4j API could not find a logging provider.
  When User sends messages with images from Excel file   # steps.WhatsAppSteps.userSendsMessagesWithImages()
]]></system-out>
    <system-err><![CDATA[SLF4J: Failed to load class "org.slf4j.impl.StaticLoggerBinder".
SLF4J: Defaulting to no-operation (NOP) logger implementation
SLF4J: See http://www.slf4j.org/codes.html#StaticLoggerBinder for further details.
Apr 19, 2025 6:17:13 PM org.openqa.selenium.firefox.FirefoxDriver <init>
WARNING: CDP support for Firefox is deprecated and will be removed in future versions. Please switch to WebDriver BiDi.
]]></system-err>
  </testcase>
</testsuite>