<?xml version="1.0" encoding="UTF-8"?>
<testng-results ignored="0" total="1" passed="1" failed="0" skipped="0">
  <reporter-output>
  </reporter-output>
  <suite started-at="2025-04-19T15:50:29 IST" name="Surefire suite" finished-at="2025-04-19T15:52:56 IST" duration-ms="147146">
    <groups>
      <group name="cucumber">
        <method signature="AbstractTestNGCucumberTests.runScenario(io.cucumber.testng.PickleWrapper,io.cucumber.testng.FeatureWrapper)[pri:0, instance:runner.TestRunner@1e6a3214]" name="runScenario" class="io.cucumber.testng.AbstractTestNGCucumberTests"/>
      </group> <!-- cucumber -->
    </groups>
    <test started-at="2025-04-19T15:50:29 IST" name="Surefire test" finished-at="2025-04-19T15:52:56 IST" duration-ms="147146">
      <class name="runner.TestRunner">
        <test-method is-config="true" signature="setUpClass(org.testng.ITestContext)[pri:0, instance:runner.TestRunner@1e6a3214]" started-at="2025-04-19T15:50:29 IST" name="setUpClass" finished-at="2025-04-19T15:50:30 IST" duration-ms="986" status="PASS">
          <params>
            <param index="0">
              <value>
                <![CDATA[org.testng.TestRunner@17d2ed1b]]>
              </value>
            </param>
          </params>
          <reporter-output>
          </reporter-output>
        </test-method> <!-- setUpClass -->
        <test-method signature="runScenario(io.cucumber.testng.PickleWrapper,io.cucumber.testng.FeatureWrapper)[pri:0, instance:runner.TestRunner@1e6a3214]" started-at="2025-04-19T15:50:30 IST" name="runScenario" description="Runs Cucumber Scenarios" data-provider="scenarios" finished-at="2025-04-19T15:52:55 IST" duration-ms="145210" status="PASS">
          <params>
            <param index="0">
              <value>
                <![CDATA["Send messages with images to multiple contacts"]]>
              </value>
            </param>
            <param index="1">
              <value>
                <![CDATA["Send Bulk WhatsApp Messages"]]>
              </value>
            </param>
          </params>
          <reporter-output>
          </reporter-output>
        </test-method> <!-- runScenario -->
        <test-method is-config="true" signature="tearDownClass()[pri:0, instance:runner.TestRunner@1e6a3214]" started-at="2025-04-19T15:52:55 IST" name="tearDownClass" finished-at="2025-04-19T15:52:56 IST" duration-ms="840" status="PASS">
          <reporter-output>
          </reporter-output>
        </test-method> <!-- tearDownClass -->
      </class> <!-- runner.TestRunner -->
    </test> <!-- Surefire test -->
  </suite> <!-- Surefire suite -->
</testng-results>
